{"name": "test_auth", "status": "broken", "statusDetails": {"message": "selenium.common.exceptions.TimeoutException: Message: \nStacktrace:\n\tGetHandleVerifier [0x00007FF6773280D5+2992373]\n\t(No symbol) [0x00007FF676FBBFD0]\n\t(No symbol) [0x00007FF676E5590A]\n\t(No symbol) [0x00007FF676EA926E]\n\t(No symbol) [0x00007FF676EA955C]\n\t(No symbol) [0x00007FF676EF27D7]\n\t(No symbol) [0x00007FF676ECF3AF]\n\t(No symbol) [0x00007FF676EEF584]\n\t(No symbol) [0x00007FF676ECF113]\n\t(No symbol) [0x00007FF676E9A918]\n\t(No symbol) [0x00007FF676E9BA81]\n\tGetHandleVerifier [0x00007FF677386A2D+3379789]\n\tGetHandleVerifier [0x00007FF67739C32D+3468109]\n\tGetHandleVerifier [0x00007FF677390043+3418211]\n\tGetHandleVerifier [0x00007FF67711C78B+847787]\n\t(No symbol) [0x00007FF676FC757F]\n\t(No symbol) [0x00007FF676FC2FC4]\n\t(No symbol) [0x00007FF676FC315D]\n\t(No symbol) [0x00007FF676FB2979]\n\tBaseThreadInitThunk [0x00007FFFF092E8D7+23]\n\tRtlUserThreadStart [0x00007FFFF29BFBCC+44]", "trace": "browser = <selenium.webdriver.chrome.webdriver.WebDriver (session=\"2847f13e65738d6c2e6e750b32b9e699\")>\n\n    def test_auth(browser):\n        email = \"lapushkagg8@gmail.com\"\n        password = \"jdKZxUV4mFC6i\"\n        username = \"Елизавета Сигарева\"\n    \n        auth_page = AuthPage(browser)\n        auth_page.go()\n>       auth_page.login_as(email, password)\n\ntest\\simple_test.py:15: \n_ _ _ _ _ _ _ _ _ _ _ _ _ _ _ _ _ _ _ _ _ _ _ _ _ _ _ _ _ _ _ _ _ _ _ _ _ _ _ _ _ _ _ _ _ _ _ _ _ _ _ _ _ _ _ _ _ _ _ _ _ _ _ _ _ _ _ _ _ _ _ _ _ _ _ _ _ _ _ _ _ _ _ _ _ _ _ _ _ _ _ _ _ _ _ _ _ _ _ _ _ _ _ _ _ _ _ _ _ _ _ _ _ _ _ _ _ _ _ \npages\\Authpage.py:43: in login_as\n    until(EC.visibility_of_element_located((By.CSS_SELECTOR,\n_ _ _ _ _ _ _ _ _ _ _ _ _ _ _ _ _ _ _ _ _ _ _ _ _ _ _ _ _ _ _ _ _ _ _ _ _ _ _ _ _ _ _ _ _ _ _ _ _ _ _ _ _ _ _ _ _ _ _ _ _ _ _ _ _ _ _ _ _ _ _ _ _ _ _ _ _ _ _ _ _ _ _ _ _ _ _ _ _ _ _ _ _ _ _ _ _ _ _ _ _ _ _ _ _ _ _ _ _ _ _ _ _ _ _ _ _ _ _ \n\nself = <selenium.webdriver.support.wait.WebDriverWait (session=\"2847f13e65738d6c2e6e750b32b9e699\")>, method = <function visibility_of_element_located.<locals>._predicate at 0x000001A1CFFDB7E0>, message = ''\n\n    def until(self, method: Callable[[D], Union[Literal[False], T]], message: str = \"\") -> T:\n        \"\"\"Calls the method provided with the driver as an argument until the \\\n        return value does not evaluate to ``False``.\n    \n        :param method: callable(WebDriver)\n        :param message: optional message for :exc:`TimeoutException`\n        :returns: the result of the last call to `method`\n        :raises: :exc:`selenium.common.exceptions.TimeoutException` if timeout occurs\n        \"\"\"\n        screen = None\n        stacktrace = None\n    \n        end_time = time.monotonic() + self._timeout\n        while True:\n            try:\n                value = method(self._driver)\n                if value:\n                    return value\n            except self._ignored_exceptions as exc:\n                screen = getattr(exc, \"screen\", None)\n                stacktrace = getattr(exc, \"stacktrace\", None)\n            if time.monotonic() > end_time:\n                break\n            time.sleep(self._poll)\n>       raise TimeoutException(message, screen, stacktrace)\nE       selenium.common.exceptions.TimeoutException: Message: \nE       Stacktrace:\nE       \tGetHandleVerifier [0x00007FF6773280D5+2992373]\nE       \t(No symbol) [0x00007FF676FBBFD0]\nE       \t(No symbol) [0x00007FF676E5590A]\nE       \t(No symbol) [0x00007FF676EA926E]\nE       \t(No symbol) [0x00007FF676EA955C]\nE       \t(No symbol) [0x00007FF676EF27D7]\nE       \t(No symbol) [0x00007FF676ECF3AF]\nE       \t(No symbol) [0x00007FF676EEF584]\nE       \t(No symbol) [0x00007FF676ECF113]\nE       \t(No symbol) [0x00007FF676E9A918]\nE       \t(No symbol) [0x00007FF676E9BA81]\nE       \tGetHandleVerifier [0x00007FF677386A2D+3379789]\nE       \tGetHandleVerifier [0x00007FF67739C32D+3468109]\nE       \tGetHandleVerifier [0x00007FF677390043+3418211]\nE       \tGetHandleVerifier [0x00007FF67711C78B+847787]\nE       \t(No symbol) [0x00007FF676FC757F]\nE       \t(No symbol) [0x00007FF676FC2FC4]\nE       \t(No symbol) [0x00007FF676FC315D]\nE       \t(No symbol) [0x00007FF676FB2979]\nE       \tBaseThreadInitThunk [0x00007FFFF092E8D7+23]\nE       \tRtlUserThreadStart [0x00007FFFF29BFBCC+44]\n\n..\\..\\..\\..\\AppData\\Local\\Programs\\Python\\Python313\\Lib\\site-packages\\selenium\\webdriver\\support\\wait.py:105: TimeoutException"}, "steps": [{"name": "Перейти на страницу авторизации", "status": "passed", "start": 1737623242421, "stop": 1737623243925}, {"name": "Авторизоваться под 'lapushkagg8@gmail.com':'jdKZxUV4mFC6i'", "status": "broken", "statusDetails": {"message": "selenium.common.exceptions.TimeoutException: Message: \nStacktrace:\n\tGetHandleVerifier [0x00007FF6773280D5+2992373]\n\t(No symbol) [0x00007FF676FBBFD0]\n\t(No symbol) [0x00007FF676E5590A]\n\t(No symbol) [0x00007FF676EA926E]\n\t(No symbol) [0x00007FF676EA955C]\n\t(No symbol) [0x00007FF676EF27D7]\n\t(No symbol) [0x00007FF676ECF3AF]\n\t(No symbol) [0x00007FF676EEF584]\n\t(No symbol) [0x00007FF676ECF113]\n\t(No symbol) [0x00007FF676E9A918]\n\t(No symbol) [0x00007FF676E9BA81]\n\tGetHandleVerifier [0x00007FF677386A2D+3379789]\n\tGetHandleVerifier [0x00007FF67739C32D+3468109]\n\tGetHandleVerifier [0x00007FF677390043+3418211]\n\tGetHandleVerifier [0x00007FF67711C78B+847787]\n\t(No symbol) [0x00007FF676FC757F]\n\t(No symbol) [0x00007FF676FC2FC4]\n\t(No symbol) [0x00007FF676FC315D]\n\t(No symbol) [0x00007FF676FB2979]\n\tBaseThreadInitThunk [0x00007FFFF092E8D7+23]\n\tRtlUserThreadStart [0x00007FFFF29BFBCC+44]\n\n", "trace": "  File \"C:\\Users\\user\\AppData\\Local\\Programs\\Python\\Python313\\Lib\\site-packages\\allure_commons\\_allure.py\", line 192, in impl\n    return func(*a, **kw)\n  File \"C:\\Users\\user\\Desktop\\skypro\\final_proj\\pytest_ui_api_template\\pages\\Authpage.py\", line 43, in login_as\n    until(EC.visibility_of_element_located((By.CSS_SELECTOR,\n    ~~~~~^^^^^^^^^^^^^^^^^^^^^^^^^^^^^^^^^^^^^^^^^^^^^^^^^^^\n                                            '[data-loading=\"false\"]'))))\n                                            ^^^^^^^^^^^^^^^^^^^^^^^^^^^\n  File \"C:\\Users\\user\\AppData\\Local\\Programs\\Python\\Python313\\Lib\\site-packages\\selenium\\webdriver\\support\\wait.py\", line 105, in until\n    raise TimeoutException(message, screen, stacktrace)\n"}, "parameters": [{"name": "email", "value": "'lapushkagg8@gmail.com'"}, {"name": "password", "value": "'jdKZxUV4mFC6i'"}], "start": 1737623243926, "stop": 1737623260508}], "start": 1737623242421, "stop": 1737623260509, "uuid": "ba0a6ea2-67ff-4b84-9b07-f205717ff584", "historyId": "c632045a4697976c7300dedd6d801a19", "testCaseId": "c632045a4697976c7300dedd6d801a19", "fullName": "test.simple_test#test_auth", "labels": [{"name": "parentSuite", "value": "test"}, {"name": "suite", "value": "simple_test"}, {"name": "host", "value": "TEG"}, {"name": "thread", "value": "20580-MainThread"}, {"name": "framework", "value": "pytest"}, {"name": "language", "value": "cpython3"}, {"name": "package", "value": "test.simple_test"}]}