{"name": "test_auth", "status": "failed", "statusDetails": {"message": "AssertionError: assert False\n +  where False = <built-in method endswith of str object at 0x0000017999CF6730>('.../boards')\n +    where <built-in method endswith of str object at 0x0000017999CF6730> = 'https://trello.com/u/user09558367/boards'.endswith", "trace": "browser = <selenium.webdriver.chrome.webdriver.WebDriver (session=\"6e0d95f53b51af628d1ec6768cdc9ed4\")>\n\n    def test_auth(browser):\n        email = \"lapushkagg8@gmail.com\"\n        password = \"jdKZxUV4mFC6i*/\"\n        username = \"Елизавета Сигарева\"\n    \n        auth_page = AuthPage(browser)\n        auth_page.go()\n        auth_page.login_as(email, password)\n    \n        main_page = MainPage(browser)\n        main_page.open_menu()\n        info = main_page.get_account_info()\n    \n        current_url = main_page.get_current_url()\n    \n        with allure.step(\"Проверить, что URL \" + current_url + \"/user09558367/boards\"):\n>           assert current_url.endswith(\".../boards\")\nE           AssertionError: assert False\nE            +  where False = <built-in method endswith of str object at 0x0000017999CF6730>('.../boards')\nE            +    where <built-in method endswith of str object at 0x0000017999CF6730> = 'https://trello.com/u/user09558367/boards'.endswith\n\ntest\\simple_test.py:24: AssertionError"}, "steps": [{"name": "Перейти на страницу авторизации", "status": "passed", "start": 1737623332504, "stop": 1737623333691}, {"name": "Авторизоваться под 'lapushkagg8@gmail.com':'jdKZxUV4mFC6i*/'", "status": "passed", "parameters": [{"name": "email", "value": "'lapushkagg8@gmail.com'"}, {"name": "password", "value": "'jdKZxUV4mFC6i*/'"}], "start": 1737623333692, "stop": 1737623339297}, {"name": "Открыть боковое меню", "status": "passed", "start": 1737623339297, "stop": 1737623339361}, {"name": "Прочитать информацию о пользователе", "status": "passed", "start": 1737623339361, "stop": 1737623339462}, {"name": "Получить текущий URL", "status": "passed", "start": 1737623339462, "stop": 1737623339466}, {"name": "Проверить, что URL https://trello.com/u/user09558367/boards/user09558367/boards", "status": "failed", "statusDetails": {"message": "AssertionError: assert False\n +  where False = <built-in method endswith of str object at 0x0000017999CF6730>('.../boards')\n +    where <built-in method endswith of str object at 0x0000017999CF6730> = 'https://trello.com/u/user09558367/boards'.endswith\n", "trace": "  File \"C:\\Users\\user\\Desktop\\skypro\\final_proj\\pytest_ui_api_template\\test\\simple_test.py\", line 24, in test_auth\n    assert current_url.endswith(\".../boards\")\n"}, "start": 1737623339466, "stop": 1737623339466}], "start": 1737623332504, "stop": 1737623339466, "uuid": "d353e827-8bd8-4626-a109-49f444cd4d92", "historyId": "c632045a4697976c7300dedd6d801a19", "testCaseId": "c632045a4697976c7300dedd6d801a19", "fullName": "test.simple_test#test_auth", "labels": [{"name": "parentSuite", "value": "test"}, {"name": "suite", "value": "simple_test"}, {"name": "host", "value": "TEG"}, {"name": "thread", "value": "20500-MainThread"}, {"name": "framework", "value": "pytest"}, {"name": "language", "value": "cpython3"}, {"name": "package", "value": "test.simple_test"}]}