{"uid":"e9849c9e21f9d0a3","name":"test_auth","fullName":"test.simple_test#test_auth","historyId":"c632045a4697976c7300dedd6d801a19","time":{"start":1737623242421,"stop":1737623260509,"duration":18088},"status":"broken","statusMessage":"selenium.common.exceptions.TimeoutException: Message: \nStacktrace:\n\tGetHandleVerifier [0x00007FF6773280D5+2992373]\n\t(No symbol) [0x00007FF676FBBFD0]\n\t(No symbol) [0x00007FF676E5590A]\n\t(No symbol) [0x00007FF676EA926E]\n\t(No symbol) [0x00007FF676EA955C]\n\t(No symbol) [0x00007FF676EF27D7]\n\t(No symbol) [0x00007FF676ECF3AF]\n\t(No symbol) [0x00007FF676EEF584]\n\t(No symbol) [0x00007FF676ECF113]\n\t(No symbol) [0x00007FF676E9A918]\n\t(No symbol) [0x00007FF676E9BA81]\n\tGetHandleVerifier [0x00007FF677386A2D+3379789]\n\tGetHandleVerifier [0x00007FF67739C32D+3468109]\n\tGetHandleVerifier [0x00007FF677390043+3418211]\n\tGetHandleVerifier [0x00007FF67711C78B+847787]\n\t(No symbol) [0x00007FF676FC757F]\n\t(No symbol) [0x00007FF676FC2FC4]\n\t(No symbol) [0x00007FF676FC315D]\n\t(No symbol) [0x00007FF676FB2979]\n\tBaseThreadInitThunk [0x00007FFFF092E8D7+23]\n\tRtlUserThreadStart [0x00007FFFF29BFBCC+44]","statusTrace":"browser = <selenium.webdriver.chrome.webdriver.WebDriver (session=\"2847f13e65738d6c2e6e750b32b9e699\")>\n\n    def test_auth(browser):\n        email = \"lapushkagg8@gmail.com\"\n        password = \"jdKZxUV4mFC6i\"\n        username = \"Елизавета Сигарева\"\n    \n        auth_page = AuthPage(browser)\n        auth_page.go()\n>       auth_page.login_as(email, password)\n\ntest\\simple_test.py:15: \n_ _ _ _ _ _ _ _ _ _ _ _ _ _ _ _ _ _ _ _ _ _ _ _ _ _ _ _ _ _ _ _ _ _ _ _ _ _ _ _ _ _ _ _ _ _ _ _ _ _ _ _ _ _ _ _ _ _ _ _ _ _ _ _ _ _ _ _ _ _ _ _ _ _ _ _ _ _ _ _ _ _ _ _ _ _ _ _ _ _ _ _ _ _ _ _ _ _ _ _ _ _ _ _ _ _ _ _ _ _ _ _ _ _ _ _ _ _ _ \npages\\Authpage.py:43: in login_as\n    until(EC.visibility_of_element_located((By.CSS_SELECTOR,\n_ _ _ _ _ _ _ _ _ _ _ _ _ _ _ _ _ _ _ _ _ _ _ _ _ _ _ _ _ _ _ _ _ _ _ _ _ _ _ _ _ _ _ _ _ _ _ _ _ _ _ _ _ _ _ _ _ _ _ _ _ _ _ _ _ _ _ _ _ _ _ _ _ _ _ _ _ _ _ _ _ _ _ _ _ _ _ _ _ _ _ _ _ _ _ _ _ _ _ _ _ _ _ _ _ _ _ _ _ _ _ _ _ _ _ _ _ _ _ \n\nself = <selenium.webdriver.support.wait.WebDriverWait (session=\"2847f13e65738d6c2e6e750b32b9e699\")>, method = <function visibility_of_element_located.<locals>._predicate at 0x000001A1CFFDB7E0>, message = ''\n\n    def until(self, method: Callable[[D], Union[Literal[False], T]], message: str = \"\") -> T:\n        \"\"\"Calls the method provided with the driver as an argument until the \\\n        return value does not evaluate to ``False``.\n    \n        :param method: callable(WebDriver)\n        :param message: optional message for :exc:`TimeoutException`\n        :returns: the result of the last call to `method`\n        :raises: :exc:`selenium.common.exceptions.TimeoutException` if timeout occurs\n        \"\"\"\n        screen = None\n        stacktrace = None\n    \n        end_time = time.monotonic() + self._timeout\n        while True:\n            try:\n                value = method(self._driver)\n                if value:\n                    return value\n            except self._ignored_exceptions as exc:\n                screen = getattr(exc, \"screen\", None)\n                stacktrace = getattr(exc, \"stacktrace\", None)\n            if time.monotonic() > end_time:\n                break\n            time.sleep(self._poll)\n>       raise TimeoutException(message, screen, stacktrace)\nE       selenium.common.exceptions.TimeoutException: Message: \nE       Stacktrace:\nE       \tGetHandleVerifier [0x00007FF6773280D5+2992373]\nE       \t(No symbol) [0x00007FF676FBBFD0]\nE       \t(No symbol) [0x00007FF676E5590A]\nE       \t(No symbol) [0x00007FF676EA926E]\nE       \t(No symbol) [0x00007FF676EA955C]\nE       \t(No symbol) [0x00007FF676EF27D7]\nE       \t(No symbol) [0x00007FF676ECF3AF]\nE       \t(No symbol) [0x00007FF676EEF584]\nE       \t(No symbol) [0x00007FF676ECF113]\nE       \t(No symbol) [0x00007FF676E9A918]\nE       \t(No symbol) [0x00007FF676E9BA81]\nE       \tGetHandleVerifier [0x00007FF677386A2D+3379789]\nE       \tGetHandleVerifier [0x00007FF67739C32D+3468109]\nE       \tGetHandleVerifier [0x00007FF677390043+3418211]\nE       \tGetHandleVerifier [0x00007FF67711C78B+847787]\nE       \t(No symbol) [0x00007FF676FC757F]\nE       \t(No symbol) [0x00007FF676FC2FC4]\nE       \t(No symbol) [0x00007FF676FC315D]\nE       \t(No symbol) [0x00007FF676FB2979]\nE       \tBaseThreadInitThunk [0x00007FFFF092E8D7+23]\nE       \tRtlUserThreadStart [0x00007FFFF29BFBCC+44]\n\n..\\..\\..\\..\\AppData\\Local\\Programs\\Python\\Python313\\Lib\\site-packages\\selenium\\webdriver\\support\\wait.py:105: TimeoutException","flaky":false,"newFailed":false,"newBroken":false,"newPassed":false,"retriesCount":0,"retriesStatusChange":false,"beforeStages":[{"name":"browser","time":{"start":1737623240453,"stop":1737623242420,"duration":1967},"status":"passed","steps":[{"name":"Открыть и настроить браузер","time":{"start":1737623240453,"stop":1737623260579,"duration":20126},"status":"passed","steps":[],"attachments":[],"parameters":[],"attachmentStep":false,"stepsCount":0,"hasContent":false,"shouldDisplayMessage":false,"attachmentsCount":0}],"attachments":[],"parameters":[],"attachmentStep":false,"stepsCount":1,"hasContent":true,"shouldDisplayMessage":false,"attachmentsCount":0}],"testStage":{"status":"broken","statusMessage":"selenium.common.exceptions.TimeoutException: Message: \nStacktrace:\n\tGetHandleVerifier [0x00007FF6773280D5+2992373]\n\t(No symbol) [0x00007FF676FBBFD0]\n\t(No symbol) [0x00007FF676E5590A]\n\t(No symbol) [0x00007FF676EA926E]\n\t(No symbol) [0x00007FF676EA955C]\n\t(No symbol) [0x00007FF676EF27D7]\n\t(No symbol) [0x00007FF676ECF3AF]\n\t(No symbol) [0x00007FF676EEF584]\n\t(No symbol) [0x00007FF676ECF113]\n\t(No symbol) [0x00007FF676E9A918]\n\t(No symbol) [0x00007FF676E9BA81]\n\tGetHandleVerifier [0x00007FF677386A2D+3379789]\n\tGetHandleVerifier [0x00007FF67739C32D+3468109]\n\tGetHandleVerifier [0x00007FF677390043+3418211]\n\tGetHandleVerifier [0x00007FF67711C78B+847787]\n\t(No symbol) [0x00007FF676FC757F]\n\t(No symbol) [0x00007FF676FC2FC4]\n\t(No symbol) [0x00007FF676FC315D]\n\t(No symbol) [0x00007FF676FB2979]\n\tBaseThreadInitThunk [0x00007FFFF092E8D7+23]\n\tRtlUserThreadStart [0x00007FFFF29BFBCC+44]","statusTrace":"browser = <selenium.webdriver.chrome.webdriver.WebDriver (session=\"2847f13e65738d6c2e6e750b32b9e699\")>\n\n    def test_auth(browser):\n        email = \"lapushkagg8@gmail.com\"\n        password = \"jdKZxUV4mFC6i\"\n        username = \"Елизавета Сигарева\"\n    \n        auth_page = AuthPage(browser)\n        auth_page.go()\n>       auth_page.login_as(email, password)\n\ntest\\simple_test.py:15: \n_ _ _ _ _ _ _ _ _ _ _ _ _ _ _ _ _ _ _ _ _ _ _ _ _ _ _ _ _ _ _ _ _ _ _ _ _ _ _ _ _ _ _ _ _ _ _ _ _ _ _ _ _ _ _ _ _ _ _ _ _ _ _ _ _ _ _ _ _ _ _ _ _ _ _ _ _ _ _ _ _ _ _ _ _ _ _ _ _ _ _ _ _ _ _ _ _ _ _ _ _ _ _ _ _ _ _ _ _ _ _ _ _ _ _ _ _ _ _ \npages\\Authpage.py:43: in login_as\n    until(EC.visibility_of_element_located((By.CSS_SELECTOR,\n_ _ _ _ _ _ _ _ _ _ _ _ _ _ _ _ _ _ _ _ _ _ _ _ _ _ _ _ _ _ _ _ _ _ _ _ _ _ _ _ _ _ _ _ _ _ _ _ _ _ _ _ _ _ _ _ _ _ _ _ _ _ _ _ _ _ _ _ _ _ _ _ _ _ _ _ _ _ _ _ _ _ _ _ _ _ _ _ _ _ _ _ _ _ _ _ _ _ _ _ _ _ _ _ _ _ _ _ _ _ _ _ _ _ _ _ _ _ _ \n\nself = <selenium.webdriver.support.wait.WebDriverWait (session=\"2847f13e65738d6c2e6e750b32b9e699\")>, method = <function visibility_of_element_located.<locals>._predicate at 0x000001A1CFFDB7E0>, message = ''\n\n    def until(self, method: Callable[[D], Union[Literal[False], T]], message: str = \"\") -> T:\n        \"\"\"Calls the method provided with the driver as an argument until the \\\n        return value does not evaluate to ``False``.\n    \n        :param method: callable(WebDriver)\n        :param message: optional message for :exc:`TimeoutException`\n        :returns: the result of the last call to `method`\n        :raises: :exc:`selenium.common.exceptions.TimeoutException` if timeout occurs\n        \"\"\"\n        screen = None\n        stacktrace = None\n    \n        end_time = time.monotonic() + self._timeout\n        while True:\n            try:\n                value = method(self._driver)\n                if value:\n                    return value\n            except self._ignored_exceptions as exc:\n                screen = getattr(exc, \"screen\", None)\n                stacktrace = getattr(exc, \"stacktrace\", None)\n            if time.monotonic() > end_time:\n                break\n            time.sleep(self._poll)\n>       raise TimeoutException(message, screen, stacktrace)\nE       selenium.common.exceptions.TimeoutException: Message: \nE       Stacktrace:\nE       \tGetHandleVerifier [0x00007FF6773280D5+2992373]\nE       \t(No symbol) [0x00007FF676FBBFD0]\nE       \t(No symbol) [0x00007FF676E5590A]\nE       \t(No symbol) [0x00007FF676EA926E]\nE       \t(No symbol) [0x00007FF676EA955C]\nE       \t(No symbol) [0x00007FF676EF27D7]\nE       \t(No symbol) [0x00007FF676ECF3AF]\nE       \t(No symbol) [0x00007FF676EEF584]\nE       \t(No symbol) [0x00007FF676ECF113]\nE       \t(No symbol) [0x00007FF676E9A918]\nE       \t(No symbol) [0x00007FF676E9BA81]\nE       \tGetHandleVerifier [0x00007FF677386A2D+3379789]\nE       \tGetHandleVerifier [0x00007FF67739C32D+3468109]\nE       \tGetHandleVerifier [0x00007FF677390043+3418211]\nE       \tGetHandleVerifier [0x00007FF67711C78B+847787]\nE       \t(No symbol) [0x00007FF676FC757F]\nE       \t(No symbol) [0x00007FF676FC2FC4]\nE       \t(No symbol) [0x00007FF676FC315D]\nE       \t(No symbol) [0x00007FF676FB2979]\nE       \tBaseThreadInitThunk [0x00007FFFF092E8D7+23]\nE       \tRtlUserThreadStart [0x00007FFFF29BFBCC+44]\n\n..\\..\\..\\..\\AppData\\Local\\Programs\\Python\\Python313\\Lib\\site-packages\\selenium\\webdriver\\support\\wait.py:105: TimeoutException","steps":[{"name":"Перейти на страницу авторизации","time":{"start":1737623242421,"stop":1737623243925,"duration":1504},"status":"passed","steps":[],"attachments":[],"parameters":[],"attachmentStep":false,"stepsCount":0,"hasContent":false,"shouldDisplayMessage":false,"attachmentsCount":0},{"name":"Авторизоваться под 'lapushkagg8@gmail.com':'jdKZxUV4mFC6i'","time":{"start":1737623243926,"stop":1737623260508,"duration":16582},"status":"broken","statusMessage":"selenium.common.exceptions.TimeoutException: Message: \nStacktrace:\n\tGetHandleVerifier [0x00007FF6773280D5+2992373]\n\t(No symbol) [0x00007FF676FBBFD0]\n\t(No symbol) [0x00007FF676E5590A]\n\t(No symbol) [0x00007FF676EA926E]\n\t(No symbol) [0x00007FF676EA955C]\n\t(No symbol) [0x00007FF676EF27D7]\n\t(No symbol) [0x00007FF676ECF3AF]\n\t(No symbol) [0x00007FF676EEF584]\n\t(No symbol) [0x00007FF676ECF113]\n\t(No symbol) [0x00007FF676E9A918]\n\t(No symbol) [0x00007FF676E9BA81]\n\tGetHandleVerifier [0x00007FF677386A2D+3379789]\n\tGetHandleVerifier [0x00007FF67739C32D+3468109]\n\tGetHandleVerifier [0x00007FF677390043+3418211]\n\tGetHandleVerifier [0x00007FF67711C78B+847787]\n\t(No symbol) [0x00007FF676FC757F]\n\t(No symbol) [0x00007FF676FC2FC4]\n\t(No symbol) [0x00007FF676FC315D]\n\t(No symbol) [0x00007FF676FB2979]\n\tBaseThreadInitThunk [0x00007FFFF092E8D7+23]\n\tRtlUserThreadStart [0x00007FFFF29BFBCC+44]\n\n","statusTrace":"  File \"C:\\Users\\user\\AppData\\Local\\Programs\\Python\\Python313\\Lib\\site-packages\\allure_commons\\_allure.py\", line 192, in impl\n    return func(*a, **kw)\n  File \"C:\\Users\\user\\Desktop\\skypro\\final_proj\\pytest_ui_api_template\\pages\\Authpage.py\", line 43, in login_as\n    until(EC.visibility_of_element_located((By.CSS_SELECTOR,\n    ~~~~~^^^^^^^^^^^^^^^^^^^^^^^^^^^^^^^^^^^^^^^^^^^^^^^^^^^\n                                            '[data-loading=\"false\"]'))))\n                                            ^^^^^^^^^^^^^^^^^^^^^^^^^^^\n  File \"C:\\Users\\user\\AppData\\Local\\Programs\\Python\\Python313\\Lib\\site-packages\\selenium\\webdriver\\support\\wait.py\", line 105, in until\n    raise TimeoutException(message, screen, stacktrace)\n","steps":[],"attachments":[],"parameters":[{"name":"email","value":"'lapushkagg8@gmail.com'"},{"name":"password","value":"'jdKZxUV4mFC6i'"}],"attachmentStep":false,"stepsCount":0,"hasContent":true,"shouldDisplayMessage":true,"attachmentsCount":0}],"attachments":[],"parameters":[],"attachmentStep":false,"stepsCount":2,"hasContent":true,"shouldDisplayMessage":true,"attachmentsCount":0},"afterStages":[{"name":"browser::0","time":{"start":1737623260579,"stop":1737623262720,"duration":2141},"status":"passed","steps":[{"name":"Закрыть браузер","time":{"start":1737623260579,"stop":1737623262720,"duration":2141},"status":"passed","steps":[],"attachments":[],"parameters":[],"attachmentStep":false,"stepsCount":0,"hasContent":false,"shouldDisplayMessage":false,"attachmentsCount":0}],"attachments":[],"parameters":[],"attachmentStep":false,"stepsCount":1,"hasContent":true,"shouldDisplayMessage":false,"attachmentsCount":0}],"labels":[{"name":"parentSuite","value":"test"},{"name":"suite","value":"simple_test"},{"name":"host","value":"TEG"},{"name":"thread","value":"20580-MainThread"},{"name":"framework","value":"pytest"},{"name":"language","value":"cpython3"},{"name":"package","value":"test.simple_test"},{"name":"resultFormat","value":"allure2"}],"parameters":[],"links":[],"hidden":true,"retry":true,"extra":{"categories":[],"tags":[]},"source":"e9849c9e21f9d0a3.json","parameterValues":[]}